0 info it worked if it ends with ok
1 verbose cli [ 'D:\\nodejs\\node.exe',
1 verbose cli   'D:\\nodejs\\node_modules\\npm\\bin\\npm-cli.js',
1 verbose cli   'run',
1 verbose cli   'dev' ]
2 info using npm@3.10.10
3 info using node@v6.11.3
4 verbose run-script [ 'predev', 'dev', 'postdev' ]
5 info lifecycle vue-webpack@1.0.0~predev: vue-webpack@1.0.0
6 silly lifecycle vue-webpack@1.0.0~predev: no script for predev, continuing
7 info lifecycle vue-webpack@1.0.0~dev: vue-webpack@1.0.0
8 verbose lifecycle vue-webpack@1.0.0~dev: unsafe-perm in lifecycle true
9 verbose lifecycle vue-webpack@1.0.0~dev: PATH: D:\nodejs\node_modules\npm\bin\node-gyp-bin;C:\Users\Administrator\Desktop\ds\node_modules\.bin;D:\Git\bin;C:\Windows\system32;C:\Windows;C:\Windows\System32\Wbem;C:\Windows\System32\WindowsPowerShell\v1.0\;C:\Program Files (x86)\NVIDIA Corporation\PhysX\Common;D:\PHPServer\Apache24\bin\;D:\PHPServer\Apache24\;D:\cygwin64\bin\git.exe;D:\cygwin64;D:\PHPServer\mysql5\bin;D:\PHPServer\mysql5;d:\Git\cmd;D:\wgetwin\;D:\nodejs;D:\nodejs\node_modules\npm;;C:\WINDOWS\system32;C:\WINDOWS;C:\WINDOWS\System32\Wbem;C:\WINDOWS\System32\WindowsPowerShell\v1.0\;D:\Program Files (x86)\MySQL\MySQL Server 5.5\bin;C:\Users\Administrator\AppData\Local\Microsoft\WindowsApps;C:\Users\Administrator\AppData\Local\atom\bin;C:\Users\Administrator\AppData\Roaming\npm;C:\Users\Administrator\AppData\Local\Programs\Fiddler;%USERPROFILE%\AppData\Local\Microsoft\WindowsApps;
10 verbose lifecycle vue-webpack@1.0.0~dev: CWD: C:\Users\Administrator\Desktop\ds
11 silly lifecycle vue-webpack@1.0.0~dev: Args: [ '/d /s /c',
11 silly lifecycle   'cross-env NODE_ENV=development webpack-dev-server' ]
12 silly lifecycle vue-webpack@1.0.0~dev: Returned: code: 3221225786  signal: null
13 info lifecycle vue-webpack@1.0.0~dev: Failed to exec dev script
14 verbose stack Error: vue-webpack@1.0.0 dev: `cross-env NODE_ENV=development webpack-dev-server`
14 verbose stack Exit status 3221225786
14 verbose stack     at EventEmitter.<anonymous> (D:\nodejs\node_modules\npm\lib\utils\lifecycle.js:255:16)
14 verbose stack     at emitTwo (events.js:106:13)
14 verbose stack     at EventEmitter.emit (events.js:191:7)
14 verbose stack     at ChildProcess.<anonymous> (D:\nodejs\node_modules\npm\lib\utils\spawn.js:40:14)
14 verbose stack     at emitTwo (events.js:106:13)
14 verbose stack     at ChildProcess.emit (events.js:191:7)
14 verbose stack     at maybeClose (internal/child_process.js:920:16)
14 verbose stack     at Process.ChildProcess._handle.onexit (internal/child_process.js:230:5)
15 verbose pkgid vue-webpack@1.0.0
16 verbose cwd C:\Users\Administrator\Desktop\ds
17 error Windows_NT 10.0.16299
18 error argv "D:\\nodejs\\node.exe" "D:\\nodejs\\node_modules\\npm\\bin\\npm-cli.js" "run" "dev"
19 error node v6.11.3
20 error npm  v3.10.10
21 error code ELIFECYCLE
22 error vue-webpack@1.0.0 dev: `cross-env NODE_ENV=development webpack-dev-server`
22 error Exit status 3221225786
23 error Failed at the vue-webpack@1.0.0 dev script 'cross-env NODE_ENV=development webpack-dev-server'.
23 error Make sure you have the latest version of node.js and npm installed.
23 error If you do, this is most likely a problem with the vue-webpack package,
23 error not with npm itself.
23 error Tell the author that this fails on your system:
23 error     cross-env NODE_ENV=development webpack-dev-server
23 error You can get information on how to open an issue for this project with:
23 error     npm bugs vue-webpack
23 error Or if that isn't available, you can get their info via:
23 error     npm owner ls vue-webpack
23 error There is likely additional logging output above.
24 verbose exit [ 1, true ]
